<?xml version="1.0" encoding="UTF-8"?>
<coverage generated="1777467200003" clover="3.2.0">
  <project timestamp="1777467200003" name="All files">
    <metrics statements="247" coveredstatements="246" conditionals="107" coveredconditionals="94" methods="46" coveredmethods="45" elements="400" coveredelements="385" complexity="0" loc="247" ncloc="247" packages="1" files="1" classes="1"/>
    <file name="thebountyforge-app.js" path="/home/runner/work/TheBountyForge/TheBountyForge/thebountyforge-app.js">
      <metrics statements="247" coveredstatements="246" conditionals="107" coveredconditionals="94" methods="46" coveredmethods="45"/>
      <line num="4" count="100" type="stmt"/>
      <line num="5" count="100" type="stmt"/>
      <line num="11" count="100" type="stmt"/>
      <line num="18" count="100" type="stmt"/>
      <line num="23" count="100" type="stmt"/>
      <line num="24" count="400" type="stmt"/>
      <line num="25" count="1" type="stmt"/>
      <line num="26" count="1" type="stmt"/>
      <line num="27" count="1" type="stmt"/>
      <line num="32" count="100" type="stmt"/>
      <line num="33" count="500" type="stmt"/>
      <line num="34" count="1" type="stmt"/>
      <line num="35" count="1" type="stmt"/>
      <line num="40" count="100" type="stmt"/>
      <line num="41" count="100" type="stmt"/>
      <line num="42" count="100" type="stmt"/>
      <line num="45" count="100" type="stmt"/>
      <line num="50" count="210" type="stmt"/>
      <line num="51" count="42" type="stmt"/>
      <line num="54" count="210" type="stmt"/>
      <line num="55" count="42" type="stmt"/>
      <line num="59" count="7" type="stmt"/>
      <line num="61" count="7" type="cond" truecount="2" falsecount="0"/>
      <line num="62" count="1" type="stmt"/>
      <line num="63" count="1" type="stmt"/>
      <line num="67" count="6" type="cond" truecount="2" falsecount="0"/>
      <line num="68" count="2" type="stmt"/>
      <line num="71" count="4" type="stmt"/>
      <line num="72" count="4" type="stmt"/>
      <line num="73" count="4" type="stmt"/>
      <line num="75" count="4" type="stmt"/>
      <line num="78" count="4" type="stmt"/>
      <line num="79" count="4" type="stmt"/>
      <line num="81" count="4" type="stmt"/>
      <line num="83" count="4" type="cond" truecount="2" falsecount="0"/>
      <line num="84" count="3" type="stmt"/>
      <line num="87" count="3" type="cond" truecount="3" falsecount="1"/>
      <line num="88" count="3" type="stmt"/>
      <line num="91" count="3" type="cond" truecount="3" falsecount="1"/>
      <line num="92" count="3" type="stmt"/>
      <line num="95" count="3" type="cond" truecount="3" falsecount="1"/>
      <line num="96" count="3" type="stmt"/>
      <line num="99" count="3" type="cond" truecount="1" falsecount="1"/>
      <line num="100" count="3" type="stmt"/>
      <line num="101" count="3" type="stmt"/>
      <line num="102" count="3" type="stmt"/>
      <line num="105" count="1" type="stmt"/>
      <line num="107" count="4" type="stmt"/>
      <line num="108" count="4" type="stmt"/>
      <line num="113" count="3" type="stmt"/>
      <line num="114" count="3" type="stmt"/>
      <line num="115" count="3" type="stmt"/>
      <line num="120" count="12" type="stmt"/>
      <line num="123" count="12" type="stmt"/>
      <line num="125" count="12" type="cond" truecount="2" falsecount="0"/>
      <line num="126" count="4" type="stmt"/>
      <line num="127" count="4" type="stmt"/>
      <line num="131" count="8" type="stmt"/>
      <line num="132" count="8" type="stmt"/>
      <line num="136" count="5" type="stmt"/>
      <line num="137" count="5" type="stmt"/>
      <line num="139" count="5" type="stmt"/>
      <line num="146" count="5" type="stmt"/>
      <line num="148" count="5" type="stmt"/>
      <line num="149" count="113" type="cond" truecount="2" falsecount="0"/>
      <line num="151" count="112" type="stmt"/>
      <line num="154" count="112" type="stmt"/>
      <line num="157" count="112" type="cond" truecount="2" falsecount="0"/>
      <line num="158" count="56" type="stmt"/>
      <line num="159" count="56" type="stmt"/>
      <line num="160" count="56" type="stmt"/>
      <line num="161" count="56" type="stmt"/>
      <line num="165" count="5" type="cond" truecount="2" falsecount="0"/>
      <line num="166" count="2" type="stmt"/>
      <line num="168" count="3" type="stmt"/>
      <line num="173" count="5" type="stmt"/>
      <line num="174" count="5" type="stmt"/>
      <line num="176" count="5" type="stmt"/>
      <line num="193" count="5" type="stmt"/>
      <line num="195" count="5" type="stmt"/>
      <line num="196" count="57" type="cond" truecount="2" falsecount="0"/>
      <line num="198" count="56" type="stmt"/>
      <line num="201" count="56" type="cond" truecount="2" falsecount="3"/>
      <line num="202" count="56" type="stmt"/>
      <line num="203" count="56" type="stmt"/>
      <line num="206" count="56" type="cond" truecount="2" falsecount="0"/>
      <line num="207" count="16" type="stmt"/>
      <line num="210" count="56" type="stmt"/>
      <line num="211" count="56" type="stmt"/>
      <line num="212" count="56" type="stmt"/>
      <line num="215" count="56" type="cond" truecount="2" falsecount="0"/>
      <line num="216" count="4" type="stmt"/>
      <line num="217" count="52" type="cond" truecount="4" falsecount="0"/>
      <line num="218" count="8" type="stmt"/>
      <line num="223" count="5" type="cond" truecount="2" falsecount="0"/>
      <line num="224" count="4" type="stmt"/>
      <line num="226" count="1" type="stmt"/>
      <line num="231" count="7" type="stmt"/>
      <line num="232" count="7" type="stmt"/>
      <line num="234" count="7" type="stmt"/>
      <line num="242" count="7" type="stmt"/>
      <line num="244" count="7" type="stmt"/>
      <line num="245" count="157" type="cond" truecount="2" falsecount="0"/>
      <line num="247" count="156" type="stmt"/>
      <line num="250" count="156" type="cond" truecount="2" falsecount="0"/>
      <line num="251" count="104" type="stmt"/>
      <line num="252" count="104" type="stmt"/>
      <line num="255" count="104" type="stmt"/>
      <line num="256" count="104" type="cond" truecount="2" falsecount="0"/>
      <line num="257" count="32" type="stmt"/>
      <line num="260" count="104" type="stmt"/>
      <line num="262" count="104" type="cond" truecount="2" falsecount="0"/>
      <line num="263" count="32" type="stmt"/>
      <line num="264" count="32" type="stmt"/>
      <line num="266" count="32" type="cond" truecount="2" falsecount="0"/>
      <line num="267" count="4" type="stmt"/>
      <line num="268" count="28" type="cond" truecount="2" falsecount="0"/>
      <line num="269" count="4" type="stmt"/>
      <line num="270" count="24" type="cond" truecount="4" falsecount="0"/>
      <line num="271" count="8" type="stmt"/>
      <line num="272" count="16" type="cond" truecount="2" falsecount="0"/>
      <line num="273" count="4" type="stmt"/>
      <line num="276" count="72" type="stmt"/>
      <line num="277" count="72" type="stmt"/>
      <line num="282" count="7" type="cond" truecount="2" falsecount="0"/>
      <line num="283" count="4" type="stmt"/>
      <line num="285" count="3" type="stmt"/>
      <line num="290" count="8" type="stmt"/>
      <line num="291" count="8" type="stmt"/>
      <line num="293" count="8" type="stmt"/>
      <line num="304" count="8" type="stmt"/>
      <line num="305" count="57" type="cond" truecount="2" falsecount="0"/>
      <line num="307" count="56" type="stmt"/>
      <line num="308" count="56" type="stmt"/>
      <line num="310" count="56" type="stmt"/>
      <line num="313" count="56" type="cond" truecount="2" falsecount="0"/>
      <line num="314" count="40" type="stmt"/>
      <line num="315" count="40" type="stmt"/>
      <line num="317" count="40" type="stmt"/>
      <line num="319" count="40" type="cond" truecount="2" falsecount="0"/>
      <line num="320" count="24" type="stmt"/>
      <line num="321" count="24" type="stmt"/>
      <line num="322" count="16" type="cond" truecount="2" falsecount="0"/>
      <line num="323" count="8" type="stmt"/>
      <line num="324" count="8" type="stmt"/>
      <line num="326" count="8" type="stmt"/>
      <line num="329" count="40" type="stmt"/>
      <line num="331" count="16" type="stmt"/>
      <line num="337" count="11" type="stmt"/>
      <line num="338" count="1" type="stmt"/>
      <line num="339" count="11" type="stmt"/>
      <line num="340" count="1" type="stmt"/>
      <line num="342" count="11" type="stmt"/>
      <line num="345" count="11" type="stmt"/>
      <line num="380" count="11" type="stmt"/>
      <line num="381" count="11" type="stmt"/>
      <line num="382" count="11" type="cond" truecount="2" falsecount="0"/>
      <line num="383" count="4" type="stmt"/>
      <line num="385" count="7" type="stmt"/>
      <line num="390" count="10" type="cond" truecount="6" falsecount="0"/>
      <line num="392" count="2" type="stmt"/>
      <line num="393" count="2" type="stmt"/>
      <line num="396" count="8" type="stmt"/>
      <line num="397" count="8" type="stmt"/>
      <line num="400" count="8" type="stmt"/>
      <line num="401" count="8" type="stmt"/>
      <line num="402" count="8" type="stmt"/>
      <line num="403" count="8" type="stmt"/>
      <line num="404" count="8" type="stmt"/>
      <line num="405" count="8" type="stmt"/>
      <line num="407" count="8" type="stmt"/>
      <line num="408" count="8" type="stmt"/>
      <line num="409" count="8" type="stmt"/>
      <line num="410" count="8" type="stmt"/>
      <line num="411" count="8" type="stmt"/>
      <line num="412" count="8" type="stmt"/>
      <line num="414" count="8" type="cond" truecount="2" falsecount="0"/>
      <line num="415" count="3" type="stmt"/>
      <line num="416" count="4" type="stmt"/>
      <line num="417" count="3" type="stmt"/>
      <line num="420" count="8" type="cond" truecount="2" falsecount="0"/>
      <line num="421" count="4" type="stmt"/>
      <line num="422" count="4" type="stmt"/>
      <line num="423" count="4" type="stmt"/>
      <line num="426" count="8" type="cond" truecount="2" falsecount="0"/>
      <line num="427" count="1" type="stmt"/>
      <line num="428" count="1" type="stmt"/>
      <line num="429" count="1" type="stmt"/>
      <line num="431" count="1" type="stmt"/>
      <line num="434" count="8" type="cond" truecount="2" falsecount="0"/>
      <line num="435" count="1" type="stmt"/>
      <line num="436" count="1" type="stmt"/>
      <line num="437" count="1" type="stmt"/>
      <line num="439" count="1" type="stmt"/>
      <line num="442" count="8" type="stmt"/>
      <line num="443" count="8" type="stmt"/>
      <line num="444" count="8" type="stmt"/>
      <line num="447" count="8" type="stmt"/>
      <line num="448" count="8" type="stmt"/>
      <line num="449" count="8" type="stmt"/>
      <line num="450" count="8" type="stmt"/>
      <line num="451" count="8" type="stmt"/>
      <line num="452" count="8" type="stmt"/>
      <line num="453" count="8" type="stmt"/>
      <line num="454" count="8" type="stmt"/>
      <line num="455" count="8" type="stmt"/>
      <line num="457" count="8" type="stmt"/>
      <line num="462" count="17" type="stmt"/>
      <line num="463" count="17" type="stmt"/>
      <line num="464" count="17" type="stmt"/>
      <line num="466" count="17" type="cond" truecount="2" falsecount="0"/>
      <line num="467" count="7" type="stmt"/>
      <line num="468" count="7" type="stmt"/>
      <line num="469" count="7" type="stmt"/>
      <line num="471" count="10" type="stmt"/>
      <line num="472" count="10" type="stmt"/>
      <line num="473" count="10" type="stmt"/>
      <line num="478" count="6" type="stmt"/>
      <line num="485" count="6" type="stmt"/>
      <line num="486" count="30" type="stmt"/>
      <line num="491" count="289" type="stmt"/>
      <line num="495" count="62" type="stmt"/>
      <line num="499" count="74" type="stmt"/>
      <line num="503" count="132" type="stmt"/>
      <line num="507" count="209" type="stmt"/>
      <line num="511" count="772" type="stmt"/>
      <line num="514" count="772" type="stmt"/>
      <line num="515" count="772" type="cond" truecount="2" falsecount="0"/>
      <line num="516" count="1" type="stmt"/>
      <line num="519" count="772" type="stmt"/>
      <line num="520" count="772" type="stmt"/>
      <line num="521" count="772" type="stmt"/>
      <line num="522" count="772" type="stmt"/>
      <line num="525" count="772" type="stmt"/>
      <line num="529" count="16" type="stmt"/>
      <line num="533" count="3" type="stmt"/>
      <line num="538" count="100" type="cond" truecount="2" falsecount="0"/>
      <line num="539" count="2" type="stmt"/>
      <line num="540" count="1" type="stmt"/>
      <line num="542" count="1" type="stmt"/>
      <line num="548" count="100" type="stmt"/>
      <line num="549" count="100" type="stmt"/>
      <line num="550" count="100" type="stmt"/>
      <line num="551" count="100" type="stmt"/>
      <line num="557" count="1" type="stmt"/>
      <line num="558" count="0" type="stmt"/>
      <line num="562" count="1" type="cond" truecount="1" falsecount="1"/>
    </file>
  </project>
</coverage>
