{"/home/runner/work/TheBountyForge/TheBountyForge/thebountyforge-app.js": {"path":"/home/runner/work/TheBountyForge/TheBountyForge/thebountyforge-app.js","statementMap":{"0":{"start":{"line":4,"column":8},"end":{"line":4,"column":30}},"1":{"start":{"line":5,"column":8},"end":{"line":10,"column":10}},"2":{"start":{"line":11,"column":8},"end":{"line":16,"column":10}},"3":{"start":{"line":18,"column":8},"end":{"line":18,"column":20}},"4":{"start":{"line":23,"column":8},"end":{"line":29,"column":11}},"5":{"start":{"line":24,"column":12},"end":{"line":28,"column":15}},"6":{"start":{"line":25,"column":16},"end":{"line":25,"column":48}},"7":{"start":{"line":26,"column":31},"end":{"line":26,"column":50}},"8":{"start":{"line":27,"column":16},"end":{"line":27,"column":77}},"9":{"start":{"line":32,"column":8},"end":{"line":37,"column":11}},"10":{"start":{"line":33,"column":12},"end":{"line":36,"column":15}},"11":{"start":{"line":34,"column":32},"end":{"line":34,"column":47}},"12":{"start":{"line":35,"column":16},"end":{"line":35,"column":40}},"13":{"start":{"line":40,"column":8},"end":{"line":40,"column":94}},"14":{"start":{"line":40,"column":76},"end":{"line":40,"column":92}},"15":{"start":{"line":41,"column":8},"end":{"line":41,"column":92}},"16":{"start":{"line":41,"column":75},"end":{"line":41,"column":90}},"17":{"start":{"line":42,"column":8},"end":{"line":42,"column":94}},"18":{"start":{"line":42,"column":75},"end":{"line":42,"column":92}},"19":{"start":{"line":45,"column":8},"end":{"line":45,"column":24}},"20":{"start":{"line":50,"column":8},"end":{"line":50,"column":85}},"21":{"start":{"line":50,"column":55},"end":{"line":50,"column":83}},"22":{"start":{"line":51,"column":8},"end":{"line":51,"column":82}},"23":{"start":{"line":54,"column":8},"end":{"line":54,"column":93}},"24":{"start":{"line":54,"column":63},"end":{"line":54,"column":91}},"25":{"start":{"line":55,"column":8},"end":{"line":55,"column":78}},"26":{"start":{"line":59,"column":23},"end":{"line":59,"column":74}},"27":{"start":{"line":61,"column":8},"end":{"line":64,"column":9}},"28":{"start":{"line":62,"column":12},"end":{"line":62,"column":70}},"29":{"start":{"line":63,"column":12},"end":{"line":63,"column":19}},"30":{"start":{"line":67,"column":8},"end":{"line":69,"column":9}},"31":{"start":{"line":68,"column":12},"end":{"line":68,"column":19}},"32":{"start":{"line":71,"column":8},"end":{"line":71,"column":29}},"33":{"start":{"line":72,"column":8},"end":{"line":72,"column":34}},"34":{"start":{"line":73,"column":8},"end":{"line":73,"column":28}},"35":{"start":{"line":75,"column":26},"end":{"line":75,"column":36}},"36":{"start":{"line":78,"column":8},"end":{"line":78,"column":70}},"37":{"start":{"line":79,"column":8},"end":{"line":79,"column":87}},"38":{"start":{"line":81,"column":8},"end":{"line":109,"column":9}},"39":{"start":{"line":83,"column":12},"end":{"line":85,"column":13}},"40":{"start":{"line":84,"column":16},"end":{"line":84,"column":50}},"41":{"start":{"line":87,"column":12},"end":{"line":89,"column":13}},"42":{"start":{"line":88,"column":16},"end":{"line":88,"column":45}},"43":{"start":{"line":91,"column":12},"end":{"line":93,"column":13}},"44":{"start":{"line":92,"column":16},"end":{"line":92,"column":51}},"45":{"start":{"line":95,"column":12},"end":{"line":97,"column":13}},"46":{"start":{"line":96,"column":16},"end":{"line":96,"column":56}},"47":{"start":{"line":99,"column":12},"end":{"line":103,"column":13}},"48":{"start":{"line":100,"column":33},"end":{"line":100,"column":77}},"49":{"start":{"line":101,"column":16},"end":{"line":101,"column":84}},"50":{"start":{"line":102,"column":16},"end":{"line":102,"column":35}},"51":{"start":{"line":105,"column":12},"end":{"line":105,"column":72}},"52":{"start":{"line":107,"column":12},"end":{"line":107,"column":34}},"53":{"start":{"line":108,"column":12},"end":{"line":108,"column":35}},"54":{"start":{"line":113,"column":8},"end":{"line":113,"column":30}},"55":{"start":{"line":114,"column":8},"end":{"line":114,"column":31}},"56":{"start":{"line":115,"column":8},"end":{"line":115,"column":67}},"57":{"start":{"line":120,"column":8},"end":{"line":120,"column":71}},"58":{"start":{"line":123,"column":28},"end":{"line":123,"column":123}},"59":{"start":{"line":125,"column":8},"end":{"line":128,"column":9}},"60":{"start":{"line":126,"column":12},"end":{"line":126,"column":101}},"61":{"start":{"line":127,"column":12},"end":{"line":127,"column":25}},"62":{"start":{"line":131,"column":8},"end":{"line":131,"column":62}},"63":{"start":{"line":132,"column":8},"end":{"line":132,"column":20}},"64":{"start":{"line":136,"column":8},"end":{"line":136,"column":66}},"65":{"start":{"line":137,"column":8},"end":{"line":137,"column":37}},"66":{"start":{"line":139,"column":27},"end":{"line":144,"column":9}},"67":{"start":{"line":146,"column":20},"end":{"line":146,"column":21}},"68":{"start":{"line":148,"column":8},"end":{"line":163,"column":9}},"69":{"start":{"line":149,"column":12},"end":{"line":149,"column":38}},"70":{"start":{"line":149,"column":32},"end":{"line":149,"column":38}},"71":{"start":{"line":151,"column":30},"end":{"line":151,"column":48}},"72":{"start":{"line":154,"column":12},"end":{"line":154,"column":33}},"73":{"start":{"line":157,"column":12},"end":{"line":162,"column":13}},"74":{"start":{"line":158,"column":16},"end":{"line":158,"column":24}},"75":{"start":{"line":159,"column":16},"end":{"line":159,"column":56}},"76":{"start":{"line":160,"column":16},"end":{"line":160,"column":66}},"77":{"start":{"line":161,"column":16},"end":{"line":161,"column":71}},"78":{"start":{"line":165,"column":8},"end":{"line":169,"column":9}},"79":{"start":{"line":166,"column":12},"end":{"line":166,"column":82}},"80":{"start":{"line":168,"column":12},"end":{"line":168,"column":73}},"81":{"start":{"line":173,"column":8},"end":{"line":173,"column":61}},"82":{"start":{"line":174,"column":8},"end":{"line":174,"column":32}},"83":{"start":{"line":176,"column":28},"end":{"line":191,"column":9}},"84":{"start":{"line":193,"column":20},"end":{"line":193,"column":21}},"85":{"start":{"line":195,"column":8},"end":{"line":221,"column":9}},"86":{"start":{"line":196,"column":12},"end":{"line":196,"column":38}},"87":{"start":{"line":196,"column":32},"end":{"line":196,"column":38}},"88":{"start":{"line":198,"column":12},"end":{"line":198,"column":34}},"89":{"start":{"line":201,"column":12},"end":{"line":220,"column":13}},"90":{"start":{"line":202,"column":16},"end":{"line":202,"column":24}},"91":{"start":{"line":203,"column":31},"end":{"line":203,"column":40}},"92":{"start":{"line":206,"column":16},"end":{"line":208,"column":17}},"93":{"start":{"line":207,"column":20},"end":{"line":207,"column":41}},"94":{"start":{"line":210,"column":16},"end":{"line":210,"column":59}},"95":{"start":{"line":211,"column":16},"end":{"line":211,"column":78}},"96":{"start":{"line":212,"column":16},"end":{"line":212,"column":75}},"97":{"start":{"line":215,"column":16},"end":{"line":219,"column":17}},"98":{"start":{"line":216,"column":20},"end":{"line":216,"column":95}},"99":{"start":{"line":217,"column":23},"end":{"line":219,"column":17}},"100":{"start":{"line":218,"column":20},"end":{"line":218,"column":107}},"101":{"start":{"line":223,"column":8},"end":{"line":227,"column":9}},"102":{"start":{"line":224,"column":12},"end":{"line":224,"column":77}},"103":{"start":{"line":226,"column":12},"end":{"line":226,"column":68}},"104":{"start":{"line":231,"column":8},"end":{"line":231,"column":67}},"105":{"start":{"line":232,"column":8},"end":{"line":232,"column":38}},"106":{"start":{"line":234,"column":22},"end":{"line":240,"column":9}},"107":{"start":{"line":242,"column":20},"end":{"line":242,"column":21}},"108":{"start":{"line":244,"column":8},"end":{"line":280,"column":9}},"109":{"start":{"line":245,"column":12},"end":{"line":245,"column":38}},"110":{"start":{"line":245,"column":32},"end":{"line":245,"column":38}},"111":{"start":{"line":247,"column":12},"end":{"line":247,"column":33}},"112":{"start":{"line":250,"column":12},"end":{"line":279,"column":13}},"113":{"start":{"line":251,"column":16},"end":{"line":251,"column":24}},"114":{"start":{"line":252,"column":28},"end":{"line":252,"column":54}},"115":{"start":{"line":255,"column":31},"end":{"line":255,"column":40}},"116":{"start":{"line":256,"column":16},"end":{"line":258,"column":17}},"117":{"start":{"line":257,"column":20},"end":{"line":257,"column":42}},"118":{"start":{"line":260,"column":16},"end":{"line":260,"column":71}},"119":{"start":{"line":262,"column":16},"end":{"line":278,"column":17}},"120":{"start":{"line":263,"column":20},"end":{"line":263,"column":77}},"121":{"start":{"line":264,"column":20},"end":{"line":264,"column":74}},"122":{"start":{"line":266,"column":20},"end":{"line":274,"column":21}},"123":{"start":{"line":267,"column":24},"end":{"line":267,"column":119}},"124":{"start":{"line":268,"column":27},"end":{"line":274,"column":21}},"125":{"start":{"line":269,"column":24},"end":{"line":269,"column":119}},"126":{"start":{"line":270,"column":27},"end":{"line":274,"column":21}},"127":{"start":{"line":271,"column":24},"end":{"line":271,"column":123}},"128":{"start":{"line":272,"column":27},"end":{"line":274,"column":21}},"129":{"start":{"line":273,"column":24},"end":{"line":273,"column":115}},"130":{"start":{"line":276,"column":20},"end":{"line":276,"column":73}},"131":{"start":{"line":277,"column":20},"end":{"line":277,"column":70}},"132":{"start":{"line":282,"column":8},"end":{"line":286,"column":9}},"133":{"start":{"line":283,"column":12},"end":{"line":283,"column":78}},"134":{"start":{"line":285,"column":12},"end":{"line":285,"column":95}},"135":{"start":{"line":290,"column":8},"end":{"line":290,"column":72}},"136":{"start":{"line":291,"column":8},"end":{"line":291,"column":42}},"137":{"start":{"line":293,"column":32},"end":{"line":302,"column":9}},"138":{"start":{"line":304,"column":8},"end":{"line":333,"column":9}},"139":{"start":{"line":305,"column":12},"end":{"line":305,"column":38}},"140":{"start":{"line":305,"column":32},"end":{"line":305,"column":38}},"141":{"start":{"line":307,"column":12},"end":{"line":307,"column":74}},"142":{"start":{"line":308,"column":12},"end":{"line":308,"column":72}},"143":{"start":{"line":310,"column":12},"end":{"line":310,"column":34}},"144":{"start":{"line":313,"column":12},"end":{"line":332,"column":13}},"145":{"start":{"line":314,"column":35},"end":{"line":314,"column":66}},"146":{"start":{"line":315,"column":33},"end":{"line":315,"column":90}},"147":{"start":{"line":317,"column":16},"end":{"line":317,"column":81}},"148":{"start":{"line":319,"column":16},"end":{"line":327,"column":17}},"149":{"start":{"line":320,"column":20},"end":{"line":320,"column":91}},"150":{"start":{"line":321,"column":20},"end":{"line":321,"column":79}},"151":{"start":{"line":322,"column":23},"end":{"line":327,"column":17}},"152":{"start":{"line":323,"column":20},"end":{"line":323,"column":96}},"153":{"start":{"line":324,"column":20},"end":{"line":324,"column":77}},"154":{"start":{"line":326,"column":20},"end":{"line":326,"column":86}},"155":{"start":{"line":329,"column":16},"end":{"line":329,"column":54}},"156":{"start":{"line":331,"column":16},"end":{"line":331,"column":70}},"157":{"start":{"line":337,"column":25},"end":{"line":338,"column":95}},"158":{"start":{"line":337,"column":66},"end":{"line":337,"column":91}},"159":{"start":{"line":338,"column":62},"end":{"line":338,"column":87}},"160":{"start":{"line":339,"column":25},"end":{"line":340,"column":94}},"161":{"start":{"line":339,"column":66},"end":{"line":339,"column":90}},"162":{"start":{"line":340,"column":62},"end":{"line":340,"column":86}},"163":{"start":{"line":342,"column":8},"end":{"line":342,"column":35}},"164":{"start":{"line":345,"column":28},"end":{"line":377,"column":9}},"165":{"start":{"line":380,"column":32},"end":{"line":380,"column":75}},"166":{"start":{"line":381,"column":28},"end":{"line":381,"column":73}},"167":{"start":{"line":382,"column":8},"end":{"line":386,"column":9}},"168":{"start":{"line":383,"column":12},"end":{"line":383,"column":71}},"169":{"start":{"line":385,"column":12},"end":{"line":385,"column":74}},"170":{"start":{"line":390,"column":8},"end":{"line":394,"column":9}},"171":{"start":{"line":392,"column":12},"end":{"line":392,"column":85}},"172":{"start":{"line":393,"column":12},"end":{"line":393,"column":19}},"173":{"start":{"line":396,"column":23},"end":{"line":396,"column":67}},"174":{"start":{"line":397,"column":26},"end":{"line":397,"column":85}},"175":{"start":{"line":400,"column":21},"end":{"line":400,"column":42}},"176":{"start":{"line":401,"column":8},"end":{"line":401,"column":58}},"177":{"start":{"line":402,"column":8},"end":{"line":402,"column":42}},"178":{"start":{"line":403,"column":8},"end":{"line":403,"column":40}},"179":{"start":{"line":404,"column":8},"end":{"line":404,"column":59}},"180":{"start":{"line":405,"column":8},"end":{"line":405,"column":50}},"181":{"start":{"line":407,"column":8},"end":{"line":407,"column":30}},"182":{"start":{"line":408,"column":8},"end":{"line":408,"column":40}},"183":{"start":{"line":409,"column":8},"end":{"line":409,"column":74}},"184":{"start":{"line":410,"column":8},"end":{"line":410,"column":63}},"185":{"start":{"line":411,"column":8},"end":{"line":411,"column":75}},"186":{"start":{"line":412,"column":8},"end":{"line":412,"column":80}},"187":{"start":{"line":414,"column":8},"end":{"line":418,"column":9}},"188":{"start":{"line":415,"column":12},"end":{"line":415,"column":56}},"189":{"start":{"line":416,"column":12},"end":{"line":416,"column":80}},"190":{"start":{"line":416,"column":53},"end":{"line":416,"column":76}},"191":{"start":{"line":417,"column":12},"end":{"line":417,"column":27}},"192":{"start":{"line":420,"column":8},"end":{"line":424,"column":9}},"193":{"start":{"line":421,"column":12},"end":{"line":421,"column":56}},"194":{"start":{"line":422,"column":12},"end":{"line":422,"column":95}},"195":{"start":{"line":422,"column":46},"end":{"line":422,"column":91}},"196":{"start":{"line":423,"column":12},"end":{"line":423,"column":27}},"197":{"start":{"line":426,"column":8},"end":{"line":432,"column":9}},"198":{"start":{"line":427,"column":12},"end":{"line":427,"column":62}},"199":{"start":{"line":428,"column":12},"end":{"line":430,"column":15}},"200":{"start":{"line":429,"column":16},"end":{"line":429,"column":71}},"201":{"start":{"line":431,"column":12},"end":{"line":431,"column":27}},"202":{"start":{"line":434,"column":8},"end":{"line":440,"column":9}},"203":{"start":{"line":435,"column":12},"end":{"line":435,"column":61}},"204":{"start":{"line":436,"column":12},"end":{"line":438,"column":15}},"205":{"start":{"line":437,"column":16},"end":{"line":437,"column":72}},"206":{"start":{"line":439,"column":12},"end":{"line":439,"column":27}},"207":{"start":{"line":442,"column":8},"end":{"line":442,"column":40}},"208":{"start":{"line":443,"column":8},"end":{"line":443,"column":36}},"209":{"start":{"line":444,"column":8},"end":{"line":444,"column":40}},"210":{"start":{"line":447,"column":21},"end":{"line":447,"column":63}},"211":{"start":{"line":448,"column":20},"end":{"line":448,"column":45}},"212":{"start":{"line":449,"column":18},"end":{"line":449,"column":45}},"213":{"start":{"line":450,"column":8},"end":{"line":450,"column":21}},"214":{"start":{"line":451,"column":8},"end":{"line":451,"column":62}},"215":{"start":{"line":452,"column":8},"end":{"line":452,"column":37}},"216":{"start":{"line":453,"column":8},"end":{"line":453,"column":18}},"217":{"start":{"line":454,"column":8},"end":{"line":454,"column":37}},"218":{"start":{"line":455,"column":8},"end":{"line":455,"column":33}},"219":{"start":{"line":457,"column":8},"end":{"line":457,"column":64}},"220":{"start":{"line":462,"column":27},"end":{"line":462,"column":64}},"221":{"start":{"line":463,"column":25},"end":{"line":463,"column":60}},"222":{"start":{"line":464,"column":24},"end":{"line":464,"column":58}},"223":{"start":{"line":466,"column":8},"end":{"line":474,"column":9}},"224":{"start":{"line":467,"column":12},"end":{"line":467,"column":51}},"225":{"start":{"line":468,"column":12},"end":{"line":468,"column":44}},"226":{"start":{"line":469,"column":12},"end":{"line":469,"column":43}},"227":{"start":{"line":471,"column":12},"end":{"line":471,"column":45}},"228":{"start":{"line":472,"column":12},"end":{"line":472,"column":44}},"229":{"start":{"line":473,"column":12},"end":{"line":473,"column":43}},"230":{"start":{"line":478,"column":8},"end":{"line":483,"column":10}},"231":{"start":{"line":485,"column":8},"end":{"line":487,"column":11}},"232":{"start":{"line":486,"column":12},"end":{"line":486,"column":69}},"233":{"start":{"line":491,"column":8},"end":{"line":491,"column":51}},"234":{"start":{"line":495,"column":8},"end":{"line":495,"column":53}},"235":{"start":{"line":499,"column":8},"end":{"line":499,"column":48}},"236":{"start":{"line":503,"column":8},"end":{"line":503,"column":54}},"237":{"start":{"line":507,"column":8},"end":{"line":507,"column":58}},"238":{"start":{"line":511,"column":24},"end":{"line":511,"column":65}},"239":{"start":{"line":514,"column":27},"end":{"line":514,"column":64}},"240":{"start":{"line":515,"column":8},"end":{"line":517,"column":9}},"241":{"start":{"line":516,"column":12},"end":{"line":516,"column":32}},"242":{"start":{"line":519,"column":21},"end":{"line":519,"column":50}},"243":{"start":{"line":520,"column":8},"end":{"line":520,"column":51}},"244":{"start":{"line":521,"column":8},"end":{"line":521,"column":32}},"245":{"start":{"line":522,"column":8},"end":{"line":522,"column":34}},"246":{"start":{"line":525,"column":8},"end":{"line":525,"column":49}},"247":{"start":{"line":529,"column":8},"end":{"line":529,"column":40}},"248":{"start":{"line":533,"column":8},"end":{"line":533,"column":63}},"249":{"start":{"line":533,"column":38},"end":{"line":533,"column":61}},"250":{"start":{"line":538,"column":8},"end":{"line":544,"column":9}},"251":{"start":{"line":539,"column":12},"end":{"line":543,"column":15}},"252":{"start":{"line":540,"column":16},"end":{"line":540,"column":57}},"253":{"start":{"line":542,"column":16},"end":{"line":542,"column":72}},"254":{"start":{"line":548,"column":8},"end":{"line":552,"column":11}},"255":{"start":{"line":549,"column":12},"end":{"line":549,"column":31}},"256":{"start":{"line":550,"column":12},"end":{"line":550,"column":31}},"257":{"start":{"line":551,"column":12},"end":{"line":551,"column":49}},"258":{"start":{"line":557,"column":0},"end":{"line":559,"column":3}},"259":{"start":{"line":558,"column":4},"end":{"line":558,"column":38}},"260":{"start":{"line":562,"column":0},"end":{"line":562,"column":67}},"261":{"start":{"line":562,"column":35},"end":{"line":562,"column":67}}},"fnMap":{"0":{"name":"(anonymous_0)","decl":{"start":{"line":3,"column":4},"end":{"line":3,"column":5}},"loc":{"start":{"line":3,"column":18},"end":{"line":19,"column":5}},"line":3},"1":{"name":"(anonymous_1)","decl":{"start":{"line":21,"column":4},"end":{"line":21,"column":5}},"loc":{"start":{"line":21,"column":11},"end":{"line":46,"column":5}},"line":21},"2":{"name":"(anonymous_2)","decl":{"start":{"line":23,"column":58},"end":{"line":23,"column":59}},"loc":{"start":{"line":23,"column":66},"end":{"line":29,"column":9}},"line":23},"3":{"name":"(anonymous_3)","decl":{"start":{"line":24,"column":43},"end":{"line":24,"column":44}},"loc":{"start":{"line":24,"column":49},"end":{"line":28,"column":13}},"line":24},"4":{"name":"(anonymous_4)","decl":{"start":{"line":32,"column":50},"end":{"line":32,"column":51}},"loc":{"start":{"line":32,"column":57},"end":{"line":37,"column":9}},"line":32},"5":{"name":"(anonymous_5)","decl":{"start":{"line":33,"column":42},"end":{"line":33,"column":43}},"loc":{"start":{"line":33,"column":48},"end":{"line":36,"column":13}},"line":33},"6":{"name":"(anonymous_6)","decl":{"start":{"line":40,"column":70},"end":{"line":40,"column":71}},"loc":{"start":{"line":40,"column":76},"end":{"line":40,"column":92}},"line":40},"7":{"name":"(anonymous_7)","decl":{"start":{"line":41,"column":69},"end":{"line":41,"column":70}},"loc":{"start":{"line":41,"column":75},"end":{"line":41,"column":90}},"line":41},"8":{"name":"(anonymous_8)","decl":{"start":{"line":42,"column":69},"end":{"line":42,"column":70}},"loc":{"start":{"line":42,"column":75},"end":{"line":42,"column":92}},"line":42},"9":{"name":"(anonymous_9)","decl":{"start":{"line":48,"column":4},"end":{"line":48,"column":5}},"loc":{"start":{"line":48,"column":23},"end":{"line":56,"column":5}},"line":48},"10":{"name":"(anonymous_10)","decl":{"start":{"line":50,"column":50},"end":{"line":50,"column":51}},"loc":{"start":{"line":50,"column":55},"end":{"line":50,"column":83}},"line":50},"11":{"name":"(anonymous_11)","decl":{"start":{"line":54,"column":58},"end":{"line":54,"column":59}},"loc":{"start":{"line":54,"column":63},"end":{"line":54,"column":91}},"line":54},"12":{"name":"(anonymous_12)","decl":{"start":{"line":58,"column":4},"end":{"line":58,"column":5}},"loc":{"start":{"line":58,"column":22},"end":{"line":110,"column":5}},"line":58},"13":{"name":"(anonymous_13)","decl":{"start":{"line":112,"column":4},"end":{"line":112,"column":5}},"loc":{"start":{"line":112,"column":15},"end":{"line":116,"column":5}},"line":112},"14":{"name":"(anonymous_14)","decl":{"start":{"line":118,"column":4},"end":{"line":118,"column":5}},"loc":{"start":{"line":118,"column":27},"end":{"line":133,"column":5}},"line":118},"15":{"name":"(anonymous_15)","decl":{"start":{"line":135,"column":4},"end":{"line":135,"column":5}},"loc":{"start":{"line":135,"column":33},"end":{"line":170,"column":5}},"line":135},"16":{"name":"(anonymous_16)","decl":{"start":{"line":172,"column":4},"end":{"line":172,"column":5}},"loc":{"start":{"line":172,"column":28},"end":{"line":228,"column":5}},"line":172},"17":{"name":"(anonymous_17)","decl":{"start":{"line":230,"column":4},"end":{"line":230,"column":5}},"loc":{"start":{"line":230,"column":34},"end":{"line":287,"column":5}},"line":230},"18":{"name":"(anonymous_18)","decl":{"start":{"line":289,"column":4},"end":{"line":289,"column":5}},"loc":{"start":{"line":289,"column":39},"end":{"line":334,"column":5}},"line":289},"19":{"name":"(anonymous_19)","decl":{"start":{"line":336,"column":4},"end":{"line":336,"column":5}},"loc":{"start":{"line":336,"column":18},"end":{"line":387,"column":5}},"line":336},"20":{"name":"(anonymous_20)","decl":{"start":{"line":337,"column":61},"end":{"line":337,"column":62}},"loc":{"start":{"line":337,"column":66},"end":{"line":337,"column":91}},"line":337},"21":{"name":"(anonymous_21)","decl":{"start":{"line":338,"column":57},"end":{"line":338,"column":58}},"loc":{"start":{"line":338,"column":62},"end":{"line":338,"column":87}},"line":338},"22":{"name":"(anonymous_22)","decl":{"start":{"line":339,"column":61},"end":{"line":339,"column":62}},"loc":{"start":{"line":339,"column":66},"end":{"line":339,"column":90}},"line":339},"23":{"name":"(anonymous_23)","decl":{"start":{"line":340,"column":57},"end":{"line":340,"column":58}},"loc":{"start":{"line":340,"column":62},"end":{"line":340,"column":86}},"line":340},"24":{"name":"(anonymous_24)","decl":{"start":{"line":389,"column":4},"end":{"line":389,"column":5}},"loc":{"start":{"line":389,"column":17},"end":{"line":458,"column":5}},"line":389},"25":{"name":"(anonymous_25)","decl":{"start":{"line":416,"column":44},"end":{"line":416,"column":45}},"loc":{"start":{"line":416,"column":51},"end":{"line":416,"column":78}},"line":416},"26":{"name":"(anonymous_26)","decl":{"start":{"line":422,"column":39},"end":{"line":422,"column":40}},"loc":{"start":{"line":422,"column":44},"end":{"line":422,"column":93}},"line":422},"27":{"name":"(anonymous_27)","decl":{"start":{"line":428,"column":45},"end":{"line":428,"column":46}},"loc":{"start":{"line":428,"column":50},"end":{"line":430,"column":13}},"line":428},"28":{"name":"(anonymous_28)","decl":{"start":{"line":436,"column":49},"end":{"line":436,"column":50}},"loc":{"start":{"line":436,"column":54},"end":{"line":438,"column":13}},"line":436},"29":{"name":"(anonymous_29)","decl":{"start":{"line":461,"column":4},"end":{"line":461,"column":5}},"loc":{"start":{"line":461,"column":20},"end":{"line":475,"column":5}},"line":461},"30":{"name":"(anonymous_30)","decl":{"start":{"line":477,"column":4},"end":{"line":477,"column":5}},"loc":{"start":{"line":477,"column":19},"end":{"line":488,"column":5}},"line":477},"31":{"name":"(anonymous_31)","decl":{"start":{"line":485,"column":86},"end":{"line":485,"column":87}},"loc":{"start":{"line":485,"column":93},"end":{"line":487,"column":9}},"line":485},"32":{"name":"(anonymous_32)","decl":{"start":{"line":490,"column":4},"end":{"line":490,"column":5}},"loc":{"start":{"line":490,"column":43},"end":{"line":492,"column":5}},"line":490},"33":{"name":"(anonymous_33)","decl":{"start":{"line":494,"column":4},"end":{"line":494,"column":5}},"loc":{"start":{"line":494,"column":45},"end":{"line":496,"column":5}},"line":494},"34":{"name":"(anonymous_34)","decl":{"start":{"line":498,"column":4},"end":{"line":498,"column":5}},"loc":{"start":{"line":498,"column":40},"end":{"line":500,"column":5}},"line":498},"35":{"name":"(anonymous_35)","decl":{"start":{"line":502,"column":4},"end":{"line":502,"column":5}},"loc":{"start":{"line":502,"column":46},"end":{"line":504,"column":5}},"line":502},"36":{"name":"(anonymous_36)","decl":{"start":{"line":506,"column":4},"end":{"line":506,"column":5}},"loc":{"start":{"line":506,"column":50},"end":{"line":508,"column":5}},"line":506},"37":{"name":"(anonymous_37)","decl":{"start":{"line":510,"column":4},"end":{"line":510,"column":5}},"loc":{"start":{"line":510,"column":44},"end":{"line":526,"column":5}},"line":510},"38":{"name":"(anonymous_38)","decl":{"start":{"line":528,"column":4},"end":{"line":528,"column":5}},"loc":{"start":{"line":528,"column":30},"end":{"line":530,"column":5}},"line":528},"39":{"name":"(anonymous_39)","decl":{"start":{"line":532,"column":4},"end":{"line":532,"column":5}},"loc":{"start":{"line":532,"column":14},"end":{"line":534,"column":5}},"line":532},"40":{"name":"(anonymous_40)","decl":{"start":{"line":533,"column":27},"end":{"line":533,"column":28}},"loc":{"start":{"line":533,"column":38},"end":{"line":533,"column":61}},"line":533},"41":{"name":"(anonymous_41)","decl":{"start":{"line":536,"column":4},"end":{"line":536,"column":5}},"loc":{"start":{"line":536,"column":15},"end":{"line":553,"column":5}},"line":536},"42":{"name":"(anonymous_42)","decl":{"start":{"line":539,"column":59},"end":{"line":539,"column":60}},"loc":{"start":{"line":539,"column":65},"end":{"line":541,"column":13}},"line":539},"43":{"name":"(anonymous_43)","decl":{"start":{"line":541,"column":21},"end":{"line":541,"column":22}},"loc":{"start":{"line":541,"column":28},"end":{"line":543,"column":13}},"line":541},"44":{"name":"(anonymous_44)","decl":{"start":{"line":548,"column":55},"end":{"line":548,"column":56}},"loc":{"start":{"line":548,"column":62},"end":{"line":552,"column":9}},"line":548},"45":{"name":"(anonymous_45)","decl":{"start":{"line":557,"column":46},"end":{"line":557,"column":47}},"loc":{"start":{"line":557,"column":52},"end":{"line":559,"column":1}},"line":557}},"branchMap":{"0":{"loc":{"start":{"line":61,"column":8},"end":{"line":64,"column":9}},"type":"if","locations":[{"start":{"line":61,"column":8},"end":{"line":64,"column":9}},{"start":{},"end":{}}],"line":61},"1":{"loc":{"start":{"line":67,"column":8},"end":{"line":69,"column":9}},"type":"if","locations":[{"start":{"line":67,"column":8},"end":{"line":69,"column":9}},{"start":{},"end":{}}],"line":67},"2":{"loc":{"start":{"line":83,"column":12},"end":{"line":85,"column":13}},"type":"if","locations":[{"start":{"line":83,"column":12},"end":{"line":85,"column":13}},{"start":{},"end":{}}],"line":83},"3":{"loc":{"start":{"line":87,"column":12},"end":{"line":89,"column":13}},"type":"if","locations":[{"start":{"line":87,"column":12},"end":{"line":89,"column":13}},{"start":{},"end":{}}],"line":87},"4":{"loc":{"start":{"line":87,"column":16},"end":{"line":87,"column":55}},"type":"binary-expr","locations":[{"start":{"line":87,"column":16},"end":{"line":87,"column":29}},{"start":{"line":87,"column":33},"end":{"line":87,"column":55}}],"line":87},"5":{"loc":{"start":{"line":91,"column":12},"end":{"line":93,"column":13}},"type":"if","locations":[{"start":{"line":91,"column":12},"end":{"line":93,"column":13}},{"start":{},"end":{}}],"line":91},"6":{"loc":{"start":{"line":91,"column":16},"end":{"line":91,"column":61}},"type":"binary-expr","locations":[{"start":{"line":91,"column":16},"end":{"line":91,"column":29}},{"start":{"line":91,"column":33},"end":{"line":91,"column":61}}],"line":91},"7":{"loc":{"start":{"line":95,"column":12},"end":{"line":97,"column":13}},"type":"if","locations":[{"start":{"line":95,"column":12},"end":{"line":97,"column":13}},{"start":{},"end":{}}],"line":95},"8":{"loc":{"start":{"line":95,"column":16},"end":{"line":95,"column":65}},"type":"binary-expr","locations":[{"start":{"line":95,"column":16},"end":{"line":95,"column":29}},{"start":{"line":95,"column":33},"end":{"line":95,"column":65}}],"line":95},"9":{"loc":{"start":{"line":99,"column":12},"end":{"line":103,"column":13}},"type":"if","locations":[{"start":{"line":99,"column":12},"end":{"line":103,"column":13}},{"start":{},"end":{}}],"line":99},"10":{"loc":{"start":{"line":125,"column":8},"end":{"line":128,"column":9}},"type":"if","locations":[{"start":{"line":125,"column":8},"end":{"line":128,"column":9}},{"start":{},"end":{}}],"line":125},"11":{"loc":{"start":{"line":149,"column":12},"end":{"line":149,"column":38}},"type":"if","locations":[{"start":{"line":149,"column":12},"end":{"line":149,"column":38}},{"start":{},"end":{}}],"line":149},"12":{"loc":{"start":{"line":157,"column":12},"end":{"line":162,"column":13}},"type":"if","locations":[{"start":{"line":157,"column":12},"end":{"line":162,"column":13}},{"start":{},"end":{}}],"line":157},"13":{"loc":{"start":{"line":165,"column":8},"end":{"line":169,"column":9}},"type":"if","locations":[{"start":{"line":165,"column":8},"end":{"line":169,"column":9}},{"start":{"line":167,"column":15},"end":{"line":169,"column":9}}],"line":165},"14":{"loc":{"start":{"line":196,"column":12},"end":{"line":196,"column":38}},"type":"if","locations":[{"start":{"line":196,"column":12},"end":{"line":196,"column":38}},{"start":{},"end":{}}],"line":196},"15":{"loc":{"start":{"line":201,"column":12},"end":{"line":220,"column":13}},"type":"if","locations":[{"start":{"line":201,"column":12},"end":{"line":220,"column":13}},{"start":{},"end":{}}],"line":201},"16":{"loc":{"start":{"line":201,"column":16},"end":{"line":201,"column":71}},"type":"binary-expr","locations":[{"start":{"line":201,"column":16},"end":{"line":201,"column":36}},{"start":{"line":201,"column":40},"end":{"line":201,"column":53}},{"start":{"line":201,"column":57},"end":{"line":201,"column":71}}],"line":201},"17":{"loc":{"start":{"line":206,"column":16},"end":{"line":208,"column":17}},"type":"if","locations":[{"start":{"line":206,"column":16},"end":{"line":208,"column":17}},{"start":{},"end":{}}],"line":206},"18":{"loc":{"start":{"line":215,"column":16},"end":{"line":219,"column":17}},"type":"if","locations":[{"start":{"line":215,"column":16},"end":{"line":219,"column":17}},{"start":{"line":217,"column":23},"end":{"line":219,"column":17}}],"line":215},"19":{"loc":{"start":{"line":217,"column":23},"end":{"line":219,"column":17}},"type":"if","locations":[{"start":{"line":217,"column":23},"end":{"line":219,"column":17}},{"start":{},"end":{}}],"line":217},"20":{"loc":{"start":{"line":217,"column":27},"end":{"line":217,"column":61}},"type":"binary-expr","locations":[{"start":{"line":217,"column":27},"end":{"line":217,"column":42}},{"start":{"line":217,"column":46},"end":{"line":217,"column":61}}],"line":217},"21":{"loc":{"start":{"line":223,"column":8},"end":{"line":227,"column":9}},"type":"if","locations":[{"start":{"line":223,"column":8},"end":{"line":227,"column":9}},{"start":{"line":225,"column":15},"end":{"line":227,"column":9}}],"line":223},"22":{"loc":{"start":{"line":245,"column":12},"end":{"line":245,"column":38}},"type":"if","locations":[{"start":{"line":245,"column":12},"end":{"line":245,"column":38}},{"start":{},"end":{}}],"line":245},"23":{"loc":{"start":{"line":250,"column":12},"end":{"line":279,"column":13}},"type":"if","locations":[{"start":{"line":250,"column":12},"end":{"line":279,"column":13}},{"start":{},"end":{}}],"line":250},"24":{"loc":{"start":{"line":256,"column":16},"end":{"line":258,"column":17}},"type":"if","locations":[{"start":{"line":256,"column":16},"end":{"line":258,"column":17}},{"start":{},"end":{}}],"line":256},"25":{"loc":{"start":{"line":262,"column":16},"end":{"line":278,"column":17}},"type":"if","locations":[{"start":{"line":262,"column":16},"end":{"line":278,"column":17}},{"start":{"line":275,"column":23},"end":{"line":278,"column":17}}],"line":262},"26":{"loc":{"start":{"line":266,"column":20},"end":{"line":274,"column":21}},"type":"if","locations":[{"start":{"line":266,"column":20},"end":{"line":274,"column":21}},{"start":{"line":268,"column":27},"end":{"line":274,"column":21}}],"line":266},"27":{"loc":{"start":{"line":268,"column":27},"end":{"line":274,"column":21}},"type":"if","locations":[{"start":{"line":268,"column":27},"end":{"line":274,"column":21}},{"start":{"line":270,"column":27},"end":{"line":274,"column":21}}],"line":268},"28":{"loc":{"start":{"line":270,"column":27},"end":{"line":274,"column":21}},"type":"if","locations":[{"start":{"line":270,"column":27},"end":{"line":274,"column":21}},{"start":{"line":272,"column":27},"end":{"line":274,"column":21}}],"line":270},"29":{"loc":{"start":{"line":270,"column":31},"end":{"line":270,"column":82}},"type":"binary-expr","locations":[{"start":{"line":270,"column":31},"end":{"line":270,"column":56}},{"start":{"line":270,"column":60},"end":{"line":270,"column":82}}],"line":270},"30":{"loc":{"start":{"line":272,"column":27},"end":{"line":274,"column":21}},"type":"if","locations":[{"start":{"line":272,"column":27},"end":{"line":274,"column":21}},{"start":{},"end":{}}],"line":272},"31":{"loc":{"start":{"line":282,"column":8},"end":{"line":286,"column":9}},"type":"if","locations":[{"start":{"line":282,"column":8},"end":{"line":286,"column":9}},{"start":{"line":284,"column":15},"end":{"line":286,"column":9}}],"line":282},"32":{"loc":{"start":{"line":305,"column":12},"end":{"line":305,"column":38}},"type":"if","locations":[{"start":{"line":305,"column":12},"end":{"line":305,"column":38}},{"start":{},"end":{}}],"line":305},"33":{"loc":{"start":{"line":313,"column":12},"end":{"line":332,"column":13}},"type":"if","locations":[{"start":{"line":313,"column":12},"end":{"line":332,"column":13}},{"start":{"line":330,"column":19},"end":{"line":332,"column":13}}],"line":313},"34":{"loc":{"start":{"line":319,"column":16},"end":{"line":327,"column":17}},"type":"if","locations":[{"start":{"line":319,"column":16},"end":{"line":327,"column":17}},{"start":{"line":322,"column":23},"end":{"line":327,"column":17}}],"line":319},"35":{"loc":{"start":{"line":322,"column":23},"end":{"line":327,"column":17}},"type":"if","locations":[{"start":{"line":322,"column":23},"end":{"line":327,"column":17}},{"start":{"line":325,"column":23},"end":{"line":327,"column":17}}],"line":322},"36":{"loc":{"start":{"line":366,"column":18},"end":{"line":370,"column":22}},"type":"cond-expr","locations":[{"start":{"line":366,"column":33},"end":{"line":370,"column":17}},{"start":{"line":370,"column":20},"end":{"line":370,"column":22}}],"line":366},"37":{"loc":{"start":{"line":371,"column":18},"end":{"line":375,"column":22}},"type":"cond-expr","locations":[{"start":{"line":371,"column":33},"end":{"line":375,"column":17}},{"start":{"line":375,"column":20},"end":{"line":375,"column":22}}],"line":371},"38":{"loc":{"start":{"line":382,"column":8},"end":{"line":386,"column":9}},"type":"if","locations":[{"start":{"line":382,"column":8},"end":{"line":386,"column":9}},{"start":{"line":384,"column":15},"end":{"line":386,"column":9}}],"line":382},"39":{"loc":{"start":{"line":390,"column":8},"end":{"line":394,"column":9}},"type":"if","locations":[{"start":{"line":390,"column":8},"end":{"line":394,"column":9}},{"start":{},"end":{}}],"line":390},"40":{"loc":{"start":{"line":390,"column":12},"end":{"line":391,"column":84}},"type":"binary-expr","locations":[{"start":{"line":390,"column":12},"end":{"line":390,"column":43}},{"start":{"line":390,"column":47},"end":{"line":390,"column":73}},{"start":{"line":391,"column":12},"end":{"line":391,"column":44}},{"start":{"line":391,"column":48},"end":{"line":391,"column":84}}],"line":390},"41":{"loc":{"start":{"line":414,"column":8},"end":{"line":418,"column":9}},"type":"if","locations":[{"start":{"line":414,"column":8},"end":{"line":418,"column":9}},{"start":{},"end":{}}],"line":414},"42":{"loc":{"start":{"line":420,"column":8},"end":{"line":424,"column":9}},"type":"if","locations":[{"start":{"line":420,"column":8},"end":{"line":424,"column":9}},{"start":{},"end":{}}],"line":420},"43":{"loc":{"start":{"line":426,"column":8},"end":{"line":432,"column":9}},"type":"if","locations":[{"start":{"line":426,"column":8},"end":{"line":432,"column":9}},{"start":{},"end":{}}],"line":426},"44":{"loc":{"start":{"line":434,"column":8},"end":{"line":440,"column":9}},"type":"if","locations":[{"start":{"line":434,"column":8},"end":{"line":440,"column":9}},{"start":{},"end":{}}],"line":434},"45":{"loc":{"start":{"line":466,"column":8},"end":{"line":474,"column":9}},"type":"if","locations":[{"start":{"line":466,"column":8},"end":{"line":474,"column":9}},{"start":{"line":470,"column":15},"end":{"line":474,"column":9}}],"line":466},"46":{"loc":{"start":{"line":490,"column":24},"end":{"line":490,"column":41}},"type":"default-arg","locations":[{"start":{"line":490,"column":35},"end":{"line":490,"column":41}}],"line":490},"47":{"loc":{"start":{"line":494,"column":26},"end":{"line":494,"column":43}},"type":"default-arg","locations":[{"start":{"line":494,"column":37},"end":{"line":494,"column":43}}],"line":494},"48":{"loc":{"start":{"line":498,"column":21},"end":{"line":498,"column":38}},"type":"default-arg","locations":[{"start":{"line":498,"column":32},"end":{"line":498,"column":38}}],"line":498},"49":{"loc":{"start":{"line":502,"column":27},"end":{"line":502,"column":44}},"type":"default-arg","locations":[{"start":{"line":502,"column":38},"end":{"line":502,"column":44}}],"line":502},"50":{"loc":{"start":{"line":506,"column":31},"end":{"line":506,"column":48}},"type":"default-arg","locations":[{"start":{"line":506,"column":42},"end":{"line":506,"column":48}}],"line":506},"51":{"loc":{"start":{"line":510,"column":25},"end":{"line":510,"column":42}},"type":"default-arg","locations":[{"start":{"line":510,"column":36},"end":{"line":510,"column":42}}],"line":510},"52":{"loc":{"start":{"line":515,"column":8},"end":{"line":517,"column":9}},"type":"if","locations":[{"start":{"line":515,"column":8},"end":{"line":517,"column":9}},{"start":{},"end":{}}],"line":515},"53":{"loc":{"start":{"line":538,"column":8},"end":{"line":544,"column":9}},"type":"if","locations":[{"start":{"line":538,"column":8},"end":{"line":544,"column":9}},{"start":{},"end":{}}],"line":538},"54":{"loc":{"start":{"line":562,"column":0},"end":{"line":562,"column":67}},"type":"if","locations":[{"start":{"line":562,"column":0},"end":{"line":562,"column":67}},{"start":{},"end":{}}],"line":562}},"s":{"0":100,"1":100,"2":100,"3":100,"4":100,"5":400,"6":1,"7":1,"8":1,"9":100,"10":500,"11":1,"12":1,"13":100,"14":1,"15":100,"16":1,"17":100,"18":1,"19":100,"20":42,"21":210,"22":42,"23":42,"24":210,"25":42,"26":7,"27":7,"28":1,"29":1,"30":6,"31":2,"32":4,"33":4,"34":4,"35":4,"36":4,"37":4,"38":4,"39":4,"40":3,"41":3,"42":3,"43":3,"44":3,"45":3,"46":3,"47":3,"48":3,"49":3,"50":3,"51":1,"52":4,"53":4,"54":3,"55":3,"56":3,"57":12,"58":12,"59":12,"60":4,"61":4,"62":8,"63":8,"64":5,"65":5,"66":5,"67":5,"68":5,"69":113,"70":1,"71":112,"72":112,"73":112,"74":56,"75":56,"76":56,"77":56,"78":5,"79":2,"80":3,"81":5,"82":5,"83":5,"84":5,"85":5,"86":57,"87":1,"88":56,"89":56,"90":56,"91":56,"92":56,"93":16,"94":56,"95":56,"96":56,"97":56,"98":4,"99":52,"100":8,"101":5,"102":4,"103":1,"104":7,"105":7,"106":7,"107":7,"108":7,"109":157,"110":1,"111":156,"112":156,"113":104,"114":104,"115":104,"116":104,"117":32,"118":104,"119":104,"120":32,"121":32,"122":32,"123":4,"124":28,"125":4,"126":24,"127":8,"128":16,"129":4,"130":72,"131":72,"132":7,"133":4,"134":3,"135":8,"136":8,"137":8,"138":8,"139":57,"140":1,"141":56,"142":56,"143":56,"144":56,"145":40,"146":40,"147":40,"148":40,"149":24,"150":24,"151":16,"152":8,"153":8,"154":8,"155":40,"156":16,"157":11,"158":4,"159":1,"160":11,"161":4,"162":1,"163":11,"164":11,"165":11,"166":11,"167":11,"168":4,"169":7,"170":10,"171":2,"172":2,"173":8,"174":8,"175":8,"176":8,"177":8,"178":8,"179":8,"180":8,"181":8,"182":8,"183":8,"184":8,"185":8,"186":8,"187":8,"188":3,"189":3,"190":4,"191":3,"192":8,"193":4,"194":4,"195":4,"196":4,"197":8,"198":1,"199":1,"200":1,"201":1,"202":8,"203":1,"204":1,"205":1,"206":1,"207":8,"208":8,"209":8,"210":8,"211":8,"212":8,"213":8,"214":8,"215":8,"216":8,"217":8,"218":8,"219":8,"220":17,"221":17,"222":17,"223":17,"224":7,"225":7,"226":7,"227":10,"228":10,"229":10,"230":6,"231":6,"232":30,"233":289,"234":62,"235":74,"236":132,"237":209,"238":772,"239":772,"240":772,"241":1,"242":772,"243":772,"244":772,"245":772,"246":772,"247":16,"248":3,"249":3,"250":100,"251":2,"252":1,"253":1,"254":100,"255":100,"256":100,"257":100,"258":1,"259":0,"260":1,"261":1},"f":{"0":100,"1":100,"2":400,"3":1,"4":500,"5":1,"6":1,"7":1,"8":1,"9":42,"10":210,"11":210,"12":7,"13":3,"14":12,"15":5,"16":5,"17":7,"18":8,"19":11,"20":4,"21":1,"22":4,"23":1,"24":10,"25":4,"26":4,"27":1,"28":1,"29":17,"30":6,"31":30,"32":289,"33":62,"34":74,"35":132,"36":209,"37":772,"38":16,"39":3,"40":3,"41":100,"42":1,"43":1,"44":100,"45":0},"b":{"0":[1,6],"1":[2,4],"2":[3,1],"3":[3,0],"4":[3,3],"5":[3,0],"6":[3,3],"7":[3,0],"8":[3,3],"9":[3,0],"10":[4,8],"11":[1,112],"12":[56,56],"13":[2,3],"14":[1,56],"15":[56,0],"16":[56,0,0],"17":[16,40],"18":[4,52],"19":[8,44],"20":[52,48],"21":[4,1],"22":[1,156],"23":[104,52],"24":[32,72],"25":[32,72],"26":[4,28],"27":[4,24],"28":[8,16],"29":[24,20],"30":[4,12],"31":[4,3],"32":[1,56],"33":[40,16],"34":[24,16],"35":[8,8],"36":[1,10],"37":[2,9],"38":[4,7],"39":[2,8],"40":[10,7,4,3],"41":[3,5],"42":[4,4],"43":[1,7],"44":[1,7],"45":[7,10],"46":[0],"47":[0],"48":[0],"49":[0],"50":[0],"51":[1],"52":[1,771],"53":[2,98],"54":[1,0]},"_coverageSchema":"1a1c01bbd47fc00a2c39e90264f33305004495a9","hash":"48c95c43e022ca811247d215a56d32969bf8cec2"}
}
