TN:
SF:thebountyforge-app.js
FN:3,(anonymous_0)
FN:21,(anonymous_1)
FN:23,(anonymous_2)
FN:24,(anonymous_3)
FN:32,(anonymous_4)
FN:33,(anonymous_5)
FN:40,(anonymous_6)
FN:41,(anonymous_7)
FN:42,(anonymous_8)
FN:48,(anonymous_9)
FN:50,(anonymous_10)
FN:54,(anonymous_11)
FN:58,(anonymous_12)
FN:112,(anonymous_13)
FN:118,(anonymous_14)
FN:135,(anonymous_15)
FN:172,(anonymous_16)
FN:230,(anonymous_17)
FN:289,(anonymous_18)
FN:336,(anonymous_19)
FN:337,(anonymous_20)
FN:338,(anonymous_21)
FN:339,(anonymous_22)
FN:340,(anonymous_23)
FN:389,(anonymous_24)
FN:416,(anonymous_25)
FN:422,(anonymous_26)
FN:428,(anonymous_27)
FN:436,(anonymous_28)
FN:461,(anonymous_29)
FN:477,(anonymous_30)
FN:485,(anonymous_31)
FN:490,(anonymous_32)
FN:494,(anonymous_33)
FN:498,(anonymous_34)
FN:502,(anonymous_35)
FN:506,(anonymous_36)
FN:510,(anonymous_37)
FN:528,(anonymous_38)
FN:532,(anonymous_39)
FN:533,(anonymous_40)
FN:536,(anonymous_41)
FN:539,(anonymous_42)
FN:541,(anonymous_43)
FN:548,(anonymous_44)
FN:557,(anonymous_45)
FNF:46
FNH:45
FNDA:100,(anonymous_0)
FNDA:100,(anonymous_1)
FNDA:400,(anonymous_2)
FNDA:1,(anonymous_3)
FNDA:500,(anonymous_4)
FNDA:1,(anonymous_5)
FNDA:1,(anonymous_6)
FNDA:1,(anonymous_7)
FNDA:1,(anonymous_8)
FNDA:42,(anonymous_9)
FNDA:210,(anonymous_10)
FNDA:210,(anonymous_11)
FNDA:7,(anonymous_12)
FNDA:3,(anonymous_13)
FNDA:12,(anonymous_14)
FNDA:5,(anonymous_15)
FNDA:5,(anonymous_16)
FNDA:7,(anonymous_17)
FNDA:8,(anonymous_18)
FNDA:11,(anonymous_19)
FNDA:4,(anonymous_20)
FNDA:1,(anonymous_21)
FNDA:4,(anonymous_22)
FNDA:1,(anonymous_23)
FNDA:10,(anonymous_24)
FNDA:4,(anonymous_25)
FNDA:4,(anonymous_26)
FNDA:1,(anonymous_27)
FNDA:1,(anonymous_28)
FNDA:17,(anonymous_29)
FNDA:6,(anonymous_30)
FNDA:30,(anonymous_31)
FNDA:289,(anonymous_32)
FNDA:62,(anonymous_33)
FNDA:74,(anonymous_34)
FNDA:132,(anonymous_35)
FNDA:209,(anonymous_36)
FNDA:772,(anonymous_37)
FNDA:16,(anonymous_38)
FNDA:3,(anonymous_39)
FNDA:3,(anonymous_40)
FNDA:100,(anonymous_41)
FNDA:1,(anonymous_42)
FNDA:1,(anonymous_43)
FNDA:100,(anonymous_44)
FNDA:0,(anonymous_45)
DA:4,100
DA:5,100
DA:11,100
DA:18,100
DA:23,100
DA:24,400
DA:25,1
DA:26,1
DA:27,1
DA:32,100
DA:33,500
DA:34,1
DA:35,1
DA:40,100
DA:41,100
DA:42,100
DA:45,100
DA:50,210
DA:51,42
DA:54,210
DA:55,42
DA:59,7
DA:61,7
DA:62,1
DA:63,1
DA:67,6
DA:68,2
DA:71,4
DA:72,4
DA:73,4
DA:75,4
DA:78,4
DA:79,4
DA:81,4
DA:83,4
DA:84,3
DA:87,3
DA:88,3
DA:91,3
DA:92,3
DA:95,3
DA:96,3
DA:99,3
DA:100,3
DA:101,3
DA:102,3
DA:105,1
DA:107,4
DA:108,4
DA:113,3
DA:114,3
DA:115,3
DA:120,12
DA:123,12
DA:125,12
DA:126,4
DA:127,4
DA:131,8
DA:132,8
DA:136,5
DA:137,5
DA:139,5
DA:146,5
DA:148,5
DA:149,113
DA:151,112
DA:154,112
DA:157,112
DA:158,56
DA:159,56
DA:160,56
DA:161,56
DA:165,5
DA:166,2
DA:168,3
DA:173,5
DA:174,5
DA:176,5
DA:193,5
DA:195,5
DA:196,57
DA:198,56
DA:201,56
DA:202,56
DA:203,56
DA:206,56
DA:207,16
DA:210,56
DA:211,56
DA:212,56
DA:215,56
DA:216,4
DA:217,52
DA:218,8
DA:223,5
DA:224,4
DA:226,1
DA:231,7
DA:232,7
DA:234,7
DA:242,7
DA:244,7
DA:245,157
DA:247,156
DA:250,156
DA:251,104
DA:252,104
DA:255,104
DA:256,104
DA:257,32
DA:260,104
DA:262,104
DA:263,32
DA:264,32
DA:266,32
DA:267,4
DA:268,28
DA:269,4
DA:270,24
DA:271,8
DA:272,16
DA:273,4
DA:276,72
DA:277,72
DA:282,7
DA:283,4
DA:285,3
DA:290,8
DA:291,8
DA:293,8
DA:304,8
DA:305,57
DA:307,56
DA:308,56
DA:310,56
DA:313,56
DA:314,40
DA:315,40
DA:317,40
DA:319,40
DA:320,24
DA:321,24
DA:322,16
DA:323,8
DA:324,8
DA:326,8
DA:329,40
DA:331,16
DA:337,11
DA:338,1
DA:339,11
DA:340,1
DA:342,11
DA:345,11
DA:380,11
DA:381,11
DA:382,11
DA:383,4
DA:385,7
DA:390,10
DA:392,2
DA:393,2
DA:396,8
DA:397,8
DA:400,8
DA:401,8
DA:402,8
DA:403,8
DA:404,8
DA:405,8
DA:407,8
DA:408,8
DA:409,8
DA:410,8
DA:411,8
DA:412,8
DA:414,8
DA:415,3
DA:416,4
DA:417,3
DA:420,8
DA:421,4
DA:422,4
DA:423,4
DA:426,8
DA:427,1
DA:428,1
DA:429,1
DA:431,1
DA:434,8
DA:435,1
DA:436,1
DA:437,1
DA:439,1
DA:442,8
DA:443,8
DA:444,8
DA:447,8
DA:448,8
DA:449,8
DA:450,8
DA:451,8
DA:452,8
DA:453,8
DA:454,8
DA:455,8
DA:457,8
DA:462,17
DA:463,17
DA:464,17
DA:466,17
DA:467,7
DA:468,7
DA:469,7
DA:471,10
DA:472,10
DA:473,10
DA:478,6
DA:485,6
DA:486,30
DA:491,289
DA:495,62
DA:499,74
DA:503,132
DA:507,209
DA:511,772
DA:514,772
DA:515,772
DA:516,1
DA:519,772
DA:520,772
DA:521,772
DA:522,772
DA:525,772
DA:529,16
DA:533,3
DA:538,100
DA:539,2
DA:540,1
DA:542,1
DA:548,100
DA:549,100
DA:550,100
DA:551,100
DA:557,1
DA:558,0
DA:562,1
LF:247
LH:246
BRDA:61,0,0,1
BRDA:61,0,1,6
BRDA:67,1,0,2
BRDA:67,1,1,4
BRDA:83,2,0,3
BRDA:83,2,1,1
BRDA:87,3,0,3
BRDA:87,3,1,0
BRDA:87,4,0,3
BRDA:87,4,1,3
BRDA:91,5,0,3
BRDA:91,5,1,0
BRDA:91,6,0,3
BRDA:91,6,1,3
BRDA:95,7,0,3
BRDA:95,7,1,0
BRDA:95,8,0,3
BRDA:95,8,1,3
BRDA:99,9,0,3
BRDA:99,9,1,0
BRDA:125,10,0,4
BRDA:125,10,1,8
BRDA:149,11,0,1
BRDA:149,11,1,112
BRDA:157,12,0,56
BRDA:157,12,1,56
BRDA:165,13,0,2
BRDA:165,13,1,3
BRDA:196,14,0,1
BRDA:196,14,1,56
BRDA:201,15,0,56
BRDA:201,15,1,0
BRDA:201,16,0,56
BRDA:201,16,1,0
BRDA:201,16,2,0
BRDA:206,17,0,16
BRDA:206,17,1,40
BRDA:215,18,0,4
BRDA:215,18,1,52
BRDA:217,19,0,8
BRDA:217,19,1,44
BRDA:217,20,0,52
BRDA:217,20,1,48
BRDA:223,21,0,4
BRDA:223,21,1,1
BRDA:245,22,0,1
BRDA:245,22,1,156
BRDA:250,23,0,104
BRDA:250,23,1,52
BRDA:256,24,0,32
BRDA:256,24,1,72
BRDA:262,25,0,32
BRDA:262,25,1,72
BRDA:266,26,0,4
BRDA:266,26,1,28
BRDA:268,27,0,4
BRDA:268,27,1,24
BRDA:270,28,0,8
BRDA:270,28,1,16
BRDA:270,29,0,24
BRDA:270,29,1,20
BRDA:272,30,0,4
BRDA:272,30,1,12
BRDA:282,31,0,4
BRDA:282,31,1,3
BRDA:305,32,0,1
BRDA:305,32,1,56
BRDA:313,33,0,40
BRDA:313,33,1,16
BRDA:319,34,0,24
BRDA:319,34,1,16
BRDA:322,35,0,8
BRDA:322,35,1,8
BRDA:366,36,0,1
BRDA:366,36,1,10
BRDA:371,37,0,2
BRDA:371,37,1,9
BRDA:382,38,0,4
BRDA:382,38,1,7
BRDA:390,39,0,2
BRDA:390,39,1,8
BRDA:390,40,0,10
BRDA:390,40,1,7
BRDA:390,40,2,4
BRDA:390,40,3,3
BRDA:414,41,0,3
BRDA:414,41,1,5
BRDA:420,42,0,4
BRDA:420,42,1,4
BRDA:426,43,0,1
BRDA:426,43,1,7
BRDA:434,44,0,1
BRDA:434,44,1,7
BRDA:466,45,0,7
BRDA:466,45,1,10
BRDA:490,46,0,0
BRDA:494,47,0,0
BRDA:498,48,0,0
BRDA:502,49,0,0
BRDA:506,50,0,0
BRDA:510,51,0,1
BRDA:515,52,0,1
BRDA:515,52,1,771
BRDA:538,53,0,2
BRDA:538,53,1,98
BRDA:562,54,0,1
BRDA:562,54,1,0
BRF:107
BRH:94
end_of_record
